<?xml version="1.0" encoding="UTF-8"?>
<testsuite name="A_Dice_Rolling_Test" tests="1" skipped="0" failures="0" errors="0" timestamp="2019-05-28T12:43:42" hostname="ar-it01779" time="0.011">
  <properties/>
  <testcase name="kataTest" classname="A_Dice_Rolling_Test" time="0.011"/>
  <system-out><![CDATA[]]></system-out>
  <system-err><![CDATA[]]></system-err>
</testsuite>
